<?xml version="1.0" encoding="UTF-8"?>
<testng-results ignored="0" total="1" passed="1" failed="0" skipped="0">
  <reporter-output>
  </reporter-output>
  <suite started-at="2024-01-16T15:49:09 IST" name="Default suite" finished-at="2024-01-16T15:49:34 IST" duration-ms="24927">
    <groups>
    </groups>
    <test started-at="2024-01-16T15:49:09 IST" name="Default test" finished-at="2024-01-16T15:49:34 IST" duration-ms="24927">
      <class name="smokeBE.postCallTestcases">
        <test-method is-config="true" signature="readPropertiesFile()[pri:0, instance:smokeBE.postCallTestcases@5b247367]" started-at="2024-01-16T15:48:47 IST" name="readPropertiesFile" finished-at="2024-01-16T15:49:09 IST" duration-ms="21944" status="PASS">
          <reporter-output>
          </reporter-output>
        </test-method> <!-- readPropertiesFile -->
        <test-method signature="validateNamePostAPI()[pri:0, instance:smokeBE.postCallTestcases@5b247367]" started-at="2024-01-16T15:49:09 IST" name="validateNamePostAPI" finished-at="2024-01-16T15:49:34 IST" duration-ms="24895" status="PASS">
          <reporter-output>
          </reporter-output>
        </test-method> <!-- validateNamePostAPI -->
      </class> <!-- smokeBE.postCallTestcases -->
    </test> <!-- Default test -->
  </suite> <!-- Default suite -->
</testng-results>
