<?xml version="1.0" encoding="UTF-8"?>
<testng-results ignored="0" total="2" passed="2" failed="0" skipped="0">
  <reporter-output>
  </reporter-output>
  <suite started-at="2023-06-03T20:31:30 IST" name="Suite" finished-at="2023-06-03T20:31:41 IST" duration-ms="11585">
    <groups>
    </groups>
    <test started-at="2023-06-03T20:31:30 IST" name="Test" finished-at="2023-06-03T20:31:41 IST" duration-ms="11585">
      <class name="smoke.LoginTest">
        <test-method is-config="true" signature="browserLaunchSetup(java.lang.String)[pri:0, instance:smoke.LoginTest@5f9b2141]" started-at="2023-06-03T20:31:30 IST" name="browserLaunchSetup" finished-at="2023-06-03T20:31:36 IST" duration-ms="6336" status="PASS">
          <params>
            <param index="0">
              <value>
                <![CDATA[https://phptravels.com/]]>
              </value>
            </param>
          </params>
          <reporter-output>
          </reporter-output>
        </test-method> <!-- browserLaunchSetup -->
        <test-method signature="launchWebPage()[pri:0, instance:smoke.LoginTest@5f9b2141]" started-at="2023-06-03T20:31:36 IST" name="launchWebPage" finished-at="2023-06-03T20:31:36 IST" duration-ms="166" status="PASS">
          <reporter-output>
          </reporter-output>
        </test-method> <!-- launchWebPage -->
      </class> <!-- smoke.LoginTest -->
      <class name="smoke.signup">
        <test-method is-config="true" signature="browserLaunchSetup(java.lang.String)[pri:0, instance:smoke.signup@71def8f8]" started-at="2023-06-03T20:31:30 IST" name="browserLaunchSetup" finished-at="2023-06-03T20:31:41 IST" duration-ms="11438" status="PASS">
          <params>
            <param index="0">
              <value>
                <![CDATA[https://phptravels.com/]]>
              </value>
            </param>
          </params>
          <reporter-output>
          </reporter-output>
        </test-method> <!-- browserLaunchSetup -->
        <test-method signature="launchSignupPage()[pri:0, instance:smoke.signup@71def8f8]" started-at="2023-06-03T20:31:41 IST" name="launchSignupPage" finished-at="2023-06-03T20:31:41 IST" duration-ms="113" status="PASS">
          <reporter-output>
          </reporter-output>
        </test-method> <!-- launchSignupPage -->
      </class> <!-- smoke.signup -->
    </test> <!-- Test -->
  </suite> <!-- Suite -->
</testng-results>
